\BOOKMARK [-1][-]{part.1}{Projekt}{}% 1
\BOOKMARK [0][-]{chapter.1}{Weryfikacja punktu pracy}{part.1}% 2
\BOOKMARK [1][-]{section.1.1}{Opis postepowania}{chapter.1}% 3
\BOOKMARK [1][-]{section.1.2}{Wyniki}{chapter.1}% 4
\BOOKMARK [-1][-]{part.2}{Laboratoria}{}% 5
\BOOKMARK [0][-]{chapter.2}{Pomiar w punkcie pracy}{part.2}% 6
\BOOKMARK [1][-]{section.2.1}{Komunikacja z obiektem}{chapter.2}% 7
\BOOKMARK [1][-]{section.2.2}{Punkt pracy}{chapter.2}% 8
\BOOKMARK [0][-]{chapter.3}{Charakterystyka obiektu}{part.2}% 9
\BOOKMARK [1][-]{section.3.1}{Inne punkty pracy}{chapter.3}% 10
\BOOKMARK [1][-]{section.3.2}{Charakterystyka statyczna obiektu}{chapter.3}% 11
\BOOKMARK [1][-]{section.3.3}{Wzmocnienie statyczne}{chapter.3}% 12
\BOOKMARK [0][-]{chapter.4}{Zastosowanie tradycyjnych regulator\363w PID i DMC}{part.2}% 13
\BOOKMARK [1][-]{section.4.1}{Regulator PID}{chapter.4}% 14
\BOOKMARK [2][-]{subsection.4.1.1}{Postepowanie}{section.4.1}% 15
\BOOKMARK [2][-]{subsection.4.1.2}{Wyniki symulacji}{section.4.1}% 16
\BOOKMARK [1][-]{section.4.2}{Regulator DMC}{chapter.4}% 17
\BOOKMARK [1][-]{section.4.3}{Wnioski}{chapter.4}% 18
\BOOKMARK [0][-]{chapter.5}{Rozmywanie regulator\363w}{part.2}% 19
\BOOKMARK [1][-]{section.5.1}{Funkcje aktywacji}{chapter.5}% 20
\BOOKMARK [1][-]{section.5.2}{Rozmyty regulator PID}{chapter.5}% 21
\BOOKMARK [2][-]{subsection.5.2.1}{Algorytm}{section.5.2}% 22
\BOOKMARK [2][-]{subsection.5.2.2}{Przykladowe PIDy}{section.5.2}% 23
\BOOKMARK [1][-]{section.5.3}{DMC}{chapter.5}% 24
\BOOKMARK [2][-]{subsection.5.3.1}{Odpowiedzi skokowe}{section.5.3}% 25
\BOOKMARK [2][-]{subsection.5.3.2}{Algorytm}{section.5.3}% 26
\BOOKMARK [2][-]{subsection.5.3.3}{Przykladowe DMC}{section.5.3}% 27
\BOOKMARK [1][-]{section.5.4}{Wnioski}{chapter.5}% 28
